2022-01-10 20:38:43 0 [Note] InnoDB: Mutexes and rw_locks use Windows interlocked functions
2022-01-10 20:38:43 0 [Note] InnoDB: Uses event mutexes
2022-01-10 20:38:43 0 [Note] InnoDB: Compressed tables use zlib 1.2.11
2022-01-10 20:38:43 0 [Note] InnoDB: Number of pools: 1
2022-01-10 20:38:43 0 [Note] InnoDB: Using SSE2 crc32 instructions
2022-01-10 20:38:43 0 [Note] InnoDB: Initializing buffer pool, total size = 16M, instances = 1, chunk size = 16M
2022-01-10 20:38:43 0 [Note] InnoDB: Completed initialization of buffer pool
2022-01-10 20:38:43 0 [Note] InnoDB: Starting crash recovery from checkpoint LSN=300288
2022-01-10 20:38:44 0 [Note] InnoDB: 128 out of 128 rollback segments are active.
2022-01-10 20:38:44 0 [Note] InnoDB: Removed temporary tablespace data file: "ibtmp1"
2022-01-10 20:38:44 0 [Note] InnoDB: Creating shared tablespace for temporary tables
2022-01-10 20:38:44 0 [Note] InnoDB: Setting file 'C:\xampp\mysql\data\ibtmp1' size to 12 MB. Physically writing the file full; Please wait ...
2022-01-10 20:38:44 0 [Note] InnoDB: File 'C:\xampp\mysql\data\ibtmp1' size is now 12 MB.
2022-01-10 20:38:44 0 [Note] InnoDB: Waiting for purge to start
2022-01-10 20:38:44 0 [Note] InnoDB: 10.4.22 started; log sequence number 300297; transaction id 170
2022-01-10 20:38:44 0 [Note] InnoDB: Loading buffer pool(s) from C:\xampp\mysql\data\ib_buffer_pool
2022-01-10 20:38:44 0 [Note] Plugin 'FEEDBACK' is disabled.
2022-01-10 20:38:44 0 [Note] Server socket created on IP: '::'.
2022-01-10 20:41:29 0 [Note] InnoDB: Mutexes and rw_locks use Windows interlocked functions
2022-01-10 20:41:29 0 [Note] InnoDB: Uses event mutexes
2022-01-10 20:41:29 0 [Note] InnoDB: Compressed tables use zlib 1.2.11
2022-01-10 20:41:29 0 [Note] InnoDB: Number of pools: 1
2022-01-10 20:41:29 0 [Note] InnoDB: Using SSE2 crc32 instructions
2022-01-10 20:41:29 0 [Note] InnoDB: Initializing buffer pool, total size = 16M, instances = 1, chunk size = 16M
2022-01-10 20:41:29 0 [Note] InnoDB: Completed initialization of buffer pool
2022-01-10 20:41:29 0 [Note] InnoDB: Starting crash recovery from checkpoint LSN=300638
2022-01-10 20:41:29 0 [Note] InnoDB: 128 out of 128 rollback segments are active.
2022-01-10 20:41:29 0 [Note] InnoDB: Removed temporary tablespace data file: "ibtmp1"
2022-01-10 20:41:29 0 [Note] InnoDB: Creating shared tablespace for temporary tables
2022-01-10 20:41:29 0 [Note] InnoDB: Setting file 'C:\xampp\mysql\data\ibtmp1' size to 12 MB. Physically writing the file full; Please wait ...
2022-01-10 20:41:29 0 [Note] InnoDB: File 'C:\xampp\mysql\data\ibtmp1' size is now 12 MB.
2022-01-10 20:41:29 0 [Note] InnoDB: Waiting for purge to start
2022-01-10 20:41:29 0 [Note] InnoDB: 10.4.22 started; log sequence number 300647; transaction id 193
2022-01-10 20:41:29 0 [Note] InnoDB: Loading buffer pool(s) from C:\xampp\mysql\data\ib_buffer_pool
2022-01-10 20:41:29 0 [Note] Plugin 'FEEDBACK' is disabled.
2022-01-10 20:41:29 0 [Note] Server socket created on IP: '::'.
2022-01-10 20:41:29 0 [Note] InnoDB: Buffer pool(s) load completed at 220110 20:41:29
2022-01-10 20:41:29 0 [Note] Reading of all Master_info entries succeeded
2022-01-10 20:41:29 0 [Note] Added new Master_info '' to hash table
2022-01-10 20:41:29 0 [Note] C:\xampp\mysql\bin\mysqld.exe: ready for connections.
Version: '10.4.22-MariaDB'  socket: ''  port: 3306  mariadb.org binary distribution
2022-01-10 21:23:19 0 [Note] C:\xampp\mysql\bin\mysqld.exe (initiated by: unknown): Normal shutdown
2022-01-10 21:23:19 0 [Note] Event Scheduler: Purging the queue. 0 events
2022-01-10 21:23:19 0 [Note] InnoDB: FTS optimize thread exiting.
2022-01-10 21:23:19 0 [Note] InnoDB: Starting shutdown...
2022-01-10 21:23:19 0 [Note] InnoDB: Dumping buffer pool(s) to C:\xampp\mysql\data\ib_buffer_pool
2022-01-10 21:23:19 0 [Note] InnoDB: Instance 0, restricted to 250 pages due to innodb_buf_pool_dump_pct=25
2022-01-10 21:23:19 0 [Note] InnoDB: Buffer pool(s) dump completed at 220110 21:23:19
2022-01-10 21:23:21 0 [Note] InnoDB: Removed temporary tablespace data file: "ibtmp1"
2022-01-10 21:23:21 0 [Note] InnoDB: Shutdown completed; log sequence number 300982; transaction id 215
2022-01-10 21:23:21 0 [Note] C:\xampp\mysql\bin\mysqld.exe: Shutdown complete

2022-01-10 21:23:24 0 [Note] InnoDB: Mutexes and rw_locks use Windows interlocked functions
2022-01-10 21:23:24 0 [Note] InnoDB: Uses event mutexes
2022-01-10 21:23:24 0 [Note] InnoDB: Compressed tables use zlib 1.2.11
2022-01-10 21:23:24 0 [Note] InnoDB: Number of pools: 1
2022-01-10 21:23:24 0 [Note] InnoDB: Using SSE2 crc32 instructions
2022-01-10 21:23:24 0 [Note] InnoDB: Initializing buffer pool, total size = 16M, instances = 1, chunk size = 16M
2022-01-10 21:23:24 0 [Note] InnoDB: Completed initialization of buffer pool
2022-01-10 21:23:24 0 [Note] InnoDB: 128 out of 128 rollback segments are active.
2022-01-10 21:23:24 0 [Note] InnoDB: Creating shared tablespace for temporary tables
2022-01-10 21:23:24 0 [Note] InnoDB: Setting file 'C:\xampp\mysql\data\ibtmp1' size to 12 MB. Physically writing the file full; Please wait ...
2022-01-10 21:23:24 0 [Note] InnoDB: File 'C:\xampp\mysql\data\ibtmp1' size is now 12 MB.
2022-01-10 21:23:24 0 [Note] InnoDB: Waiting for purge to start
2022-01-10 21:23:24 0 [Note] InnoDB: 10.4.22 started; log sequence number 300982; transaction id 216
2022-01-10 21:23:24 0 [Note] InnoDB: Loading buffer pool(s) from C:\xampp\mysql\data\ib_buffer_pool
2022-01-10 21:23:24 0 [Note] Plugin 'FEEDBACK' is disabled.
2022-01-10 21:23:24 0 [Note] Server socket created on IP: '::'.
2022-01-10 21:23:24 0 [Note] Reading of all Master_info entries succeeded
2022-01-10 21:23:24 0 [Note] Added new Master_info '' to hash table
2022-01-10 21:23:24 0 [Note] C:\xampp\mysql\bin\mysqld.exe: ready for connections.
Version: '10.4.22-MariaDB'  socket: ''  port: 3306  mariadb.org binary distribution
2022-01-10 21:23:24 0 [Note] InnoDB: Buffer pool(s) load completed at 220110 21:23:24
2022-01-11 14:21:14 0 [Note] C:\xampp\mysql\bin\mysqld.exe (initiated by: unknown): Normal shutdown
2022-01-11 14:21:14 0 [Note] Event Scheduler: Purging the queue. 0 events
2022-01-11 14:21:14 0 [Note] InnoDB: FTS optimize thread exiting.
2022-01-11 14:21:14 0 [Note] InnoDB: Starting shutdown...
2022-01-11 14:21:14 0 [Note] InnoDB: Dumping buffer pool(s) to C:\xampp\mysql\data\ib_buffer_pool
2022-01-11 14:21:14 0 [Note] InnoDB: Instance 0, restricted to 250 pages due to innodb_buf_pool_dump_pct=25
2022-01-11 14:21:14 0 [Note] InnoDB: Buffer pool(s) dump completed at 220111 14:21:14
2022-01-11 14:21:15 0 [Note] InnoDB: Removed temporary tablespace data file: "ibtmp1"
2022-01-11 14:21:15 0 [Note] InnoDB: Shutdown completed; log sequence number 21655454; transaction id 36869
2022-01-11 14:21:15 0 [Note] C:\xampp\mysql\bin\mysqld.exe: Shutdown complete

2022-01-11 14:22:28 0 [Note] InnoDB: Mutexes and rw_locks use Windows interlocked functions
2022-01-11 14:22:28 0 [Note] InnoDB: Uses event mutexes
2022-01-11 14:22:28 0 [Note] InnoDB: Compressed tables use zlib 1.2.11
2022-01-11 14:22:28 0 [Note] InnoDB: Number of pools: 1
2022-01-11 14:22:28 0 [Note] InnoDB: Using SSE2 crc32 instructions
2022-01-11 14:22:28 0 [Note] InnoDB: Initializing buffer pool, total size = 16M, instances = 1, chunk size = 16M
2022-01-11 14:22:28 0 [Note] InnoDB: Completed initialization of buffer pool
2022-01-11 14:22:29 0 [Note] InnoDB: 128 out of 128 rollback segments are active.
2022-01-11 14:22:29 0 [Note] InnoDB: Creating shared tablespace for temporary tables
2022-01-11 14:22:29 0 [Note] InnoDB: Setting file 'C:\xampp\mysql\data\ibtmp1' size to 12 MB. Physically writing the file full; Please wait ...
2022-01-11 14:22:29 0 [Note] InnoDB: File 'C:\xampp\mysql\data\ibtmp1' size is now 12 MB.
2022-01-11 14:22:29 0 [Note] InnoDB: Waiting for purge to start
2022-01-11 14:22:29 0 [Note] InnoDB: 10.4.22 started; log sequence number 21655454; transaction id 36869
2022-01-11 14:22:29 0 [Note] InnoDB: Loading buffer pool(s) from C:\xampp\mysql\data\ib_buffer_pool
2022-01-11 14:22:29 0 [Note] Plugin 'FEEDBACK' is disabled.
2022-01-11 14:22:29 0 [Note] Server socket created on IP: '::'.
2022-01-11 14:22:29 0 [Note] InnoDB: Buffer pool(s) load completed at 220111 14:22:29
2022-01-11 14:22:29 0 [Note] Reading of all Master_info entries succeeded
2022-01-11 14:22:29 0 [Note] Added new Master_info '' to hash table
2022-01-11 14:22:29 0 [Note] C:\xampp\mysql\bin\mysqld.exe: ready for connections.
Version: '10.4.22-MariaDB'  socket: ''  port: 3306  mariadb.org binary distribution
2022-01-12  8:55:08 0 [Note] C:\xampp\mysql\bin\mysqld.exe (initiated by: unknown): Normal shutdown
2022-01-12  8:55:08 0 [Note] Event Scheduler: Purging the queue. 0 events
2022-01-12  8:55:08 0 [Note] InnoDB: FTS optimize thread exiting.
2022-01-12  8:55:08 0 [Note] InnoDB: Starting shutdown...
2022-01-12  8:55:08 0 [Note] InnoDB: Dumping buffer pool(s) to C:\xampp\mysql\data\ib_buffer_pool
2022-01-12  8:55:08 0 [Note] InnoDB: Buffer pool(s) dump completed at 220112  8:55:08
2022-01-12  8:55:09 0 [Note] InnoDB: Removed temporary tablespace data file: "ibtmp1"
2022-01-12  8:55:09 0 [Note] InnoDB: Shutdown completed; log sequence number 52435338; transaction id 58860
2022-01-12  8:55:09 0 [Note] C:\xampp\mysql\bin\mysqld.exe: Shutdown complete

2022-01-12  8:55:18 0 [Note] InnoDB: Mutexes and rw_locks use Windows interlocked functions
2022-01-12  8:55:18 0 [Note] InnoDB: Uses event mutexes
2022-01-12  8:55:18 0 [Note] InnoDB: Compressed tables use zlib 1.2.11
2022-01-12  8:55:18 0 [Note] InnoDB: Number of pools: 1
2022-01-12  8:55:18 0 [Note] InnoDB: Using SSE2 crc32 instructions
2022-01-12  8:55:18 0 [Note] InnoDB: Initializing buffer pool, total size = 16M, instances = 1, chunk size = 16M
2022-01-12  8:55:18 0 [Note] InnoDB: Completed initialization of buffer pool
2022-01-12  8:55:18 0 [Note] InnoDB: 128 out of 128 rollback segments are active.
2022-01-12  8:55:18 0 [Note] InnoDB: Creating shared tablespace for temporary tables
2022-01-12  8:55:18 0 [Note] InnoDB: Setting file 'C:\xampp\mysql\data\ibtmp1' size to 12 MB. Physically writing the file full; Please wait ...
2022-01-12  8:55:18 0 [Note] InnoDB: File 'C:\xampp\mysql\data\ibtmp1' size is now 12 MB.
2022-01-12  8:55:18 0 [Note] InnoDB: Waiting for purge to start
2022-01-12  8:55:18 0 [Note] InnoDB: 10.4.22 started; log sequence number 52435338; transaction id 58859
2022-01-12  8:55:18 0 [Note] InnoDB: Loading buffer pool(s) from C:\xampp\mysql\data\ib_buffer_pool
2022-01-12  8:55:18 0 [Note] Plugin 'FEEDBACK' is disabled.
2022-01-12  8:55:18 0 [Note] InnoDB: Buffer pool(s) load completed at 220112  8:55:18
2022-01-12  8:55:18 0 [Note] Server socket created on IP: '::'.
2022-01-12  8:55:18 0 [Note] Reading of all Master_info entries succeeded
2022-01-12  8:55:18 0 [Note] Added new Master_info '' to hash table
2022-01-12  8:55:18 0 [Note] C:\xampp\mysql\bin\mysqld.exe: ready for connections.
Version: '10.4.22-MariaDB'  socket: ''  port: 3306  mariadb.org binary distribution
2022-01-12  9:07:22 0 [Note] C:\xampp\mysql\bin\mysqld.exe (initiated by: unknown): Normal shutdown
2022-01-12  9:07:22 0 [Note] Event Scheduler: Purging the queue. 0 events
2022-01-12  9:07:22 0 [Note] InnoDB: FTS optimize thread exiting.
2022-01-12  9:07:22 0 [Note] InnoDB: Starting shutdown...
2022-01-12  9:07:22 0 [Note] InnoDB: Dumping buffer pool(s) to C:\xampp\mysql\data\ib_buffer_pool
2022-01-12  9:07:22 0 [Note] InnoDB: Instance 0, restricted to 250 pages due to innodb_buf_pool_dump_pct=25
2022-01-12  9:07:22 0 [Note] InnoDB: Buffer pool(s) dump completed at 220112  9:07:22
2022-01-12  9:07:22 0 [Note] InnoDB: Removed temporary tablespace data file: "ibtmp1"
2022-01-12  9:07:22 0 [Note] InnoDB: Shutdown completed; log sequence number 62200672; transaction id 65453
2022-01-12  9:07:22 0 [Note] C:\xampp\mysql\bin\mysqld.exe: Shutdown complete

2022-01-12  9:07:29 0 [Note] InnoDB: Mutexes and rw_locks use Windows interlocked functions
2022-01-12  9:07:29 0 [Note] InnoDB: Uses event mutexes
2022-01-12  9:07:29 0 [Note] InnoDB: Compressed tables use zlib 1.2.11
2022-01-12  9:07:29 0 [Note] InnoDB: Number of pools: 1
2022-01-12  9:07:29 0 [Note] InnoDB: Using SSE2 crc32 instructions
2022-01-12  9:07:29 0 [Note] InnoDB: Initializing buffer pool, total size = 16M, instances = 1, chunk size = 16M
2022-01-12  9:07:29 0 [Note] InnoDB: Completed initialization of buffer pool
2022-01-12  9:07:29 0 [Note] InnoDB: 128 out of 128 rollback segments are active.
2022-01-12  9:07:29 0 [Note] InnoDB: Creating shared tablespace for temporary tables
2022-01-12  9:07:29 0 [Note] InnoDB: Setting file 'C:\xampp\mysql\data\ibtmp1' size to 12 MB. Physically writing the file full; Please wait ...
2022-01-12  9:07:29 0 [Note] InnoDB: File 'C:\xampp\mysql\data\ibtmp1' size is now 12 MB.
2022-01-12  9:07:29 0 [Note] InnoDB: Waiting for purge to start
2022-01-12  9:07:29 0 [Note] InnoDB: 10.4.22 started; log sequence number 62200672; transaction id 65453
2022-01-12  9:07:29 0 [Note] InnoDB: Loading buffer pool(s) from C:\xampp\mysql\data\ib_buffer_pool
2022-01-12  9:07:29 0 [Note] Plugin 'FEEDBACK' is disabled.
2022-01-12  9:07:29 0 [Note] Server socket created on IP: '::'.
2022-01-12  9:07:29 0 [Note] Reading of all Master_info entries succeeded
2022-01-12  9:07:29 0 [Note] Added new Master_info '' to hash table
2022-01-12  9:07:29 0 [Note] C:\xampp\mysql\bin\mysqld.exe: ready for connections.
Version: '10.4.22-MariaDB'  socket: ''  port: 3306  mariadb.org binary distribution
2022-01-12  9:07:29 0 [Note] InnoDB: Buffer pool(s) load completed at 220112  9:07:29
